{"message":"undefined is trying to loggin","level":"info","timestamp":"2021-05-16T16:47:21.159Z"}
{"message":"undefined is trying to loggin","level":"info","timestamp":"2021-05-16T16:48:15.617Z"}
{"message":"undefined is trying to loggin","level":"info","timestamp":"2021-05-16T16:48:24.024Z"}
{"message":"helal@hotmail.com is trying to loggin","level":"info","timestamp":"2021-05-16T16:50:12.870Z"}
{"message":"helal@hotmail.com is trying to loggin","level":"info","timestamp":"2021-05-16T16:50:26.118Z"}
{"message":"helal@hotmail.com is trying to loggin","level":"info","timestamp":"2021-05-16T16:50:49.659Z"}
{"message":"helal@hotmail.com is trying to loggin","level":"info","timestamp":"2021-05-16T16:51:49.757Z"}
{"message":"helal@hotmail.com is trying to loggin","level":"info","timestamp":"2021-05-16T16:52:07.818Z"}
{"message":"helal@hotmail.com is trying to loggin","level":"info","timestamp":"2021-05-16T16:52:57.818Z"}
{"message":"rafa@hotmail.com is trying to loggin","level":"info","timestamp":"2021-05-16T16:53:07.177Z"}
{"message":"helal@hotmail.com is trying to loggin","level":"info","timestamp":"2021-05-16T16:53:13.732Z"}
{"message":"helal@hotmail.com is trying to loggin","level":"info","timestamp":"2021-05-16T16:53:17.103Z"}
{"message":"helal@hotmail.com is trying to loggin","level":"info","timestamp":"2021-05-16T16:53:19.578Z"}
{"message":"helal@hotmail.com is trying to loggin","level":"info","timestamp":"2021-05-16T16:53:20.392Z"}
{"message":"helal@hotmail.com is trying to loggin","level":"info","timestamp":"2021-05-16T16:53:21.207Z"}
{"message":"helal@hotmail.com is trying to loggin","level":"info","timestamp":"2021-05-16T16:53:21.864Z"}
{"message":"helal@hotmail.com is trying to loggin","level":"info","timestamp":"2021-05-16T16:53:39.594Z"}
{"message":"helal@hotmail.com is trying to loggin","level":"info","timestamp":"2021-05-16T16:53:41.408Z"}
{"message":"helal@hotmail.com is trying to loggin","level":"info","timestamp":"2021-05-16T16:54:48.010Z"}
{"message":"helal@hotmail.com is trying to loggin","level":"info","timestamp":"2021-05-16T16:54:52.832Z"}
{"message":"helal@hotmail.com is trying to loggin","level":"info","timestamp":"2021-05-16T16:55:12.077Z"}
{"message":"rafa@hotmail.com is trying to loggin","level":"info","timestamp":"2021-05-16T16:55:20.817Z"}
{"message":"rafa@hotmail.com is trying to loggin","level":"info","timestamp":"2021-05-16T16:55:21.709Z"}
{"message":"rafa@hotmail.com is trying to loggin","level":"info","timestamp":"2021-05-16T16:55:22.363Z"}
{"message":"rafa@hotmail.com is trying to loggin","level":"info","timestamp":"2021-05-16T16:55:22.893Z"}
{"message":"rafa@hotmail.com is trying to loggin","level":"info","timestamp":"2021-05-16T16:55:23.366Z"}
{"message":"rafa@hotmail.com is trying to loggin","level":"info","timestamp":"2021-05-16T16:55:23.763Z"}
{"message":"rafa@hotmail.com is trying to loggin","level":"info","timestamp":"2021-05-16T16:55:24.378Z"}
{"message":"rafa@hotmail.com is trying to loggin","level":"info","timestamp":"2021-05-16T16:55:24.848Z"}
{"message":"rafa@hotmail.com is trying to loggin","level":"info","timestamp":"2021-05-16T16:55:25.362Z"}
{"message":"rafa@hotmail.com is trying to loggin","level":"info","timestamp":"2021-05-16T16:57:20.714Z"}
{"message":"helal@hotmail.com is trying to loggin","level":"info","timestamp":"2021-05-16T16:57:24.374Z"}
{"message":"helal@hotmail.com is trying to loggin","level":"info","timestamp":"2021-05-16T16:57:25.673Z"}
{"level":"error","timestamp":"2021-05-16T17:02:14.031Z"}
{"message":"jalal@hotmail.com has just joined us ","level":"info","timestamp":"2021-05-16T17:03:27.022Z"}
{"level":"error","timestamp":"2021-05-16T17:04:13.461Z"}
{"level":"error","timestamp":"2021-05-16T17:05:00.698Z"}
{"message":"jalal@hotmail.com has just joined us ","level":"info","timestamp":"2021-05-16T17:05:14.991Z"}
{"message":"jalal@hotmail.com has just joined us ","level":"info","timestamp":"2021-05-16T17:06:05.878Z"}
{"message":"jalal@hotmail.com has just joined us ","level":"info","timestamp":"2021-05-16T17:08:18.745Z"}
{"level":"error","timestamp":"2021-05-16T17:09:27.424Z"}
{"message":"jalal@hotmail.com has just joined us ","level":"info","timestamp":"2021-05-16T17:09:34.472Z"}
{"message":"helal@hotmail.com is trying to loggin","level":"info","timestamp":"2021-05-16T21:12:46.203Z"}
{"message":"helala@hotmail.com is trying to loggin","level":"info","timestamp":"2021-05-16T21:12:52.686Z"}
{"message":"helala@hotmail.com is trying to loggin","level":"info","timestamp":"2021-05-16T21:12:54.896Z"}
{"message":"helala is trying to loggin","level":"info","timestamp":"2021-05-16T21:13:44.956Z"}
{"message":"helala is trying to loggin","level":"info","timestamp":"2021-05-16T21:14:03.628Z"}
{"message":"helala is trying to loggin","level":"info","timestamp":"2021-05-16T21:14:26.726Z"}
{"message":"helala is trying to loggin","level":"info","timestamp":"2021-05-16T21:14:43.394Z"}
{"message":"helala is trying to loggin","level":"info","timestamp":"2021-05-16T21:14:54.759Z"}
{"message":"login failed by user:helala and password:1","level":"error","timestamp":"2021-05-16T21:14:54.777Z"}
{"message":"helal@hotmail.com is trying to loggin","level":"info","timestamp":"2021-05-16T21:15:03.019Z"}
{"message":"hela1l@hotmail.com is trying to loggin","level":"info","timestamp":"2021-05-16T21:15:07.686Z"}
{"message":"login failed by user:hela1l@hotmail.com and password:123","level":"error","timestamp":"2021-05-16T21:15:07.693Z"}
{"message":"hela1l@hotmail.com is trying to loggin","level":"info","timestamp":"2021-05-16T21:18:06.399Z"}
{"message":"hela1l@hotmail.com is trying to loggin","level":"info","timestamp":"2021-05-16T21:18:09.709Z"}
{"message":"hela1l@hotmail.com is trying to loggin","level":"info","timestamp":"2021-05-16T21:18:11.442Z"}
{"message":"hel@hotmail.com is trying to loggin","level":"info","timestamp":"2021-05-16T21:18:18.118Z"}
{"message":"a is trying to loggin","level":"info","timestamp":"2021-05-16T21:18:44.332Z"}
{"message":"login failed by user:a and password:1","level":"error","timestamp":"2021-05-16T21:18:44.355Z"}
{"message":"helal@hotmail.com is trying to loggin","level":"info","timestamp":"2021-05-16T21:18:49.950Z"}
{"message":"login failed by user:helal@hotmail.com and password:1","level":"error","timestamp":"2021-05-16T21:18:49.953Z"}
{"message":"helal@hotmail.com is trying to loggin","level":"info","timestamp":"2021-05-16T21:18:52.657Z"}
{"message":"helal@hotmail.com is trying to loggin","level":"info","timestamp":"2021-05-16T21:18:55.398Z"}
{"message":"login failed by user:helal@hotmail.com and password:1234","level":"error","timestamp":"2021-05-16T21:18:55.404Z"}
{"message":"helal@hotmail.com is trying to loggin","level":"info","timestamp":"2021-05-16T21:18:59.078Z"}
{"message":"login failed by user:helal@hotmail.com and password:1234","level":"error","timestamp":"2021-05-16T21:18:59.083Z"}
{"message":"helalali1@hotmail.com is trying to loggin","level":"info","timestamp":"2021-05-16T21:19:30.104Z"}
{"message":"login failed by user:helalali1@hotmail.com and password:123","level":"error","timestamp":"2021-05-16T21:19:30.121Z"}
{"message":"helal@hotmail.com is trying to loggin","level":"info","timestamp":"2021-05-16T21:19:35.369Z"}
{"message":"helal@hotmail.com is trying to loggin","level":"info","timestamp":"2021-05-16T21:23:10.170Z"}
{"message":"helal@hotmail.com is trying to loggin","level":"info","timestamp":"2021-05-16T21:27:06.692Z"}
{"message":"helal@hotmail.com is trying to loggin","level":"info","timestamp":"2021-05-16T21:32:38.874Z"}
{"message":"helal@hotmail.com is trying to loggin","level":"info","timestamp":"2021-05-16T21:32:52.718Z"}
{"message":"helalali1@hotmail.com is trying to loggin","level":"info","timestamp":"2021-05-16T21:34:58.851Z"}
{"message":"login failed by user:helalali1@hotmail.com and password:123","level":"error","timestamp":"2021-05-16T21:34:58.854Z"}
{"message":"helal@hotmail.com is trying to loggin","level":"info","timestamp":"2021-05-16T21:36:49.701Z"}
{"message":"helal@hotmail.com is trying to loggin","level":"info","timestamp":"2021-05-16T21:40:01.846Z"}
{"message":"rafa@hotmail.com is trying to loggin","level":"info","timestamp":"2021-05-16T21:40:53.968Z"}
{"message":"helal@hotmail.com is trying to loggin","level":"info","timestamp":"2021-05-16T21:49:32.670Z"}
{"message":"helal@hotmail.com is trying to loggin","level":"info","timestamp":"2021-05-16T21:51:00.290Z"}
{"message":"helal@hotmail.com is trying to loggin","level":"info","timestamp":"2021-05-16T21:53:48.147Z"}
{"message":"jalal@hotmail.com is trying to loggin","level":"info","timestamp":"2021-05-16T22:12:35.239Z"}
{"message":"helal@hotmail.com is trying to loggin","level":"info","timestamp":"2021-05-16T22:13:17.970Z"}
{"message":"rafa@hotmail.com is trying to loggin","level":"info","timestamp":"2021-05-16T22:15:14.511Z"}
{"message":"helal@hotmail.com is trying to loggin","level":"info","timestamp":"2021-05-16T22:16:08.063Z"}
{"level":"error","message":"er: verifyJWT is not defined","stack":"ReferenceError: verifyJWT is not defined\n    at C:\\Users\\Helal\\Desktop\\SuperMarket_Project\\server\\routes\\product.js:22:20\n    at Layer.handle [as handle_request] (C:\\Users\\Helal\\Desktop\\SuperMarket_Project\\server\\node_modules\\express\\lib\\router\\layer.js:95:5)\n    at trim_prefix (C:\\Users\\Helal\\Desktop\\SuperMarket_Project\\server\\node_modules\\express\\lib\\router\\index.js:317:13)\n    at C:\\Users\\Helal\\Desktop\\SuperMarket_Project\\server\\node_modules\\express\\lib\\router\\index.js:284:7\n    at Function.process_params (C:\\Users\\Helal\\Desktop\\SuperMarket_Project\\server\\node_modules\\express\\lib\\router\\index.js:335:12)\n    at next (C:\\Users\\Helal\\Desktop\\SuperMarket_Project\\server\\node_modules\\express\\lib\\router\\index.js:275:10)\n    at Function.handle (C:\\Users\\Helal\\Desktop\\SuperMarket_Project\\server\\node_modules\\express\\lib\\router\\index.js:174:3)\n    at router (C:\\Users\\Helal\\Desktop\\SuperMarket_Project\\server\\node_modules\\express\\lib\\router\\index.js:47:12)\n    at Layer.handle [as handle_request] (C:\\Users\\Helal\\Desktop\\SuperMarket_Project\\server\\node_modules\\express\\lib\\router\\layer.js:95:5)\n    at trim_prefix (C:\\Users\\Helal\\Desktop\\SuperMarket_Project\\server\\node_modules\\express\\lib\\router\\index.js:317:13)\n    at C:\\Users\\Helal\\Desktop\\SuperMarket_Project\\server\\node_modules\\express\\lib\\router\\index.js:284:7\n    at Function.process_params (C:\\Users\\Helal\\Desktop\\SuperMarket_Project\\server\\node_modules\\express\\lib\\router\\index.js:335:12)\n    at next (C:\\Users\\Helal\\Desktop\\SuperMarket_Project\\server\\node_modules\\express\\lib\\router\\index.js:275:10)\n    at C:\\Users\\Helal\\Desktop\\SuperMarket_Project\\server\\node_modules\\body-parser\\lib\\read.js:130:5\n    at invokeCallback (C:\\Users\\Helal\\Desktop\\SuperMarket_Project\\server\\node_modules\\raw-body\\index.js:224:16)\n    at done (C:\\Users\\Helal\\Desktop\\SuperMarket_Project\\server\\node_modules\\raw-body\\index.js:213:7)","timestamp":"2021-05-16T22:42:11.258Z"}
{"name":"JsonWebTokenError","message":"invalid token","level":"error","timestamp":"2021-05-16T22:43:33.530Z"}
{"name":"JsonWebTokenError","message":"er: invalid token","level":"error","timestamp":"2021-05-16T22:43:33.530Z","stack":"JsonWebTokenError: invalid token\n    at Object.module.exports [as verify] (C:\\Users\\Helal\\Desktop\\SuperMarket_Project\\server\\node_modules\\jsonwebtoken\\verify.js:75:17)\n    at C:\\Users\\Helal\\Desktop\\SuperMarket_Project\\server\\controller\\JWT\\jwt.js:24:9\n    at new Promise (<anonymous>)\n    at verifyJWT (C:\\Users\\Helal\\Desktop\\SuperMarket_Project\\server\\controller\\JWT\\jwt.js:23:10)\n    at C:\\Users\\Helal\\Desktop\\SuperMarket_Project\\server\\routes\\product.js:23:26\n    at Layer.handle [as handle_request] (C:\\Users\\Helal\\Desktop\\SuperMarket_Project\\server\\node_modules\\express\\lib\\router\\layer.js:95:5)\n    at trim_prefix (C:\\Users\\Helal\\Desktop\\SuperMarket_Project\\server\\node_modules\\express\\lib\\router\\index.js:317:13)\n    at C:\\Users\\Helal\\Desktop\\SuperMarket_Project\\server\\node_modules\\express\\lib\\router\\index.js:284:7\n    at Function.process_params (C:\\Users\\Helal\\Desktop\\SuperMarket_Project\\server\\node_modules\\express\\lib\\router\\index.js:335:12)\n    at next (C:\\Users\\Helal\\Desktop\\SuperMarket_Project\\server\\node_modules\\express\\lib\\router\\index.js:275:10)\n    at Function.handle (C:\\Users\\Helal\\Desktop\\SuperMarket_Project\\server\\node_modules\\express\\lib\\router\\index.js:174:3)\n    at router (C:\\Users\\Helal\\Desktop\\SuperMarket_Project\\server\\node_modules\\express\\lib\\router\\index.js:47:12)\n    at Layer.handle [as handle_request] (C:\\Users\\Helal\\Desktop\\SuperMarket_Project\\server\\node_modules\\express\\lib\\router\\layer.js:95:5)\n    at trim_prefix (C:\\Users\\Helal\\Desktop\\SuperMarket_Project\\server\\node_modules\\express\\lib\\router\\index.js:317:13)\n    at C:\\Users\\Helal\\Desktop\\SuperMarket_Project\\server\\node_modules\\express\\lib\\router\\index.js:284:7\n    at Function.process_params (C:\\Users\\Helal\\Desktop\\SuperMarket_Project\\server\\node_modules\\express\\lib\\router\\index.js:335:12)"}
{"level":"error","message":"er: Cannot read property 'replace' of undefined","stack":"TypeError: Cannot read property 'replace' of undefined\n    at C:\\Users\\Helal\\Desktop\\SuperMarket_Project\\server\\routes\\product.js:23:35\n    at Layer.handle [as handle_request] (C:\\Users\\Helal\\Desktop\\SuperMarket_Project\\server\\node_modules\\express\\lib\\router\\layer.js:95:5)\n    at trim_prefix (C:\\Users\\Helal\\Desktop\\SuperMarket_Project\\server\\node_modules\\express\\lib\\router\\index.js:317:13)\n    at C:\\Users\\Helal\\Desktop\\SuperMarket_Project\\server\\node_modules\\express\\lib\\router\\index.js:284:7\n    at Function.process_params (C:\\Users\\Helal\\Desktop\\SuperMarket_Project\\server\\node_modules\\express\\lib\\router\\index.js:335:12)\n    at next (C:\\Users\\Helal\\Desktop\\SuperMarket_Project\\server\\node_modules\\express\\lib\\router\\index.js:275:10)\n    at Function.handle (C:\\Users\\Helal\\Desktop\\SuperMarket_Project\\server\\node_modules\\express\\lib\\router\\index.js:174:3)\n    at router (C:\\Users\\Helal\\Desktop\\SuperMarket_Project\\server\\node_modules\\express\\lib\\router\\index.js:47:12)\n    at Layer.handle [as handle_request] (C:\\Users\\Helal\\Desktop\\SuperMarket_Project\\server\\node_modules\\express\\lib\\router\\layer.js:95:5)\n    at trim_prefix (C:\\Users\\Helal\\Desktop\\SuperMarket_Project\\server\\node_modules\\express\\lib\\router\\index.js:317:13)\n    at C:\\Users\\Helal\\Desktop\\SuperMarket_Project\\server\\node_modules\\express\\lib\\router\\index.js:284:7\n    at Function.process_params (C:\\Users\\Helal\\Desktop\\SuperMarket_Project\\server\\node_modules\\express\\lib\\router\\index.js:335:12)\n    at next (C:\\Users\\Helal\\Desktop\\SuperMarket_Project\\server\\node_modules\\express\\lib\\router\\index.js:275:10)\n    at C:\\Users\\Helal\\Desktop\\SuperMarket_Project\\server\\node_modules\\body-parser\\lib\\read.js:130:5\n    at invokeCallback (C:\\Users\\Helal\\Desktop\\SuperMarket_Project\\server\\node_modules\\raw-body\\index.js:224:16)\n    at done (C:\\Users\\Helal\\Desktop\\SuperMarket_Project\\server\\node_modules\\raw-body\\index.js:213:7)","timestamp":"2021-05-16T22:44:00.062Z"}
{"message":"jalal@hotmail.com is trying to loggin","level":"info","timestamp":"2021-05-17T14:06:03.304Z"}
{"level":"error","message":"er: Cannot read property 'replace' of undefined","stack":"TypeError: Cannot read property 'replace' of undefined\n    at C:\\Users\\Helal\\Desktop\\SuperMarket_Project\\server\\routes\\product.js:16:35\n    at Layer.handle [as handle_request] (C:\\Users\\Helal\\Desktop\\SuperMarket_Project\\server\\node_modules\\express\\lib\\router\\layer.js:95:5)\n    at trim_prefix (C:\\Users\\Helal\\Desktop\\SuperMarket_Project\\server\\node_modules\\express\\lib\\router\\index.js:317:13)\n    at C:\\Users\\Helal\\Desktop\\SuperMarket_Project\\server\\node_modules\\express\\lib\\router\\index.js:284:7\n    at Function.process_params (C:\\Users\\Helal\\Desktop\\SuperMarket_Project\\server\\node_modules\\express\\lib\\router\\index.js:335:12)\n    at next (C:\\Users\\Helal\\Desktop\\SuperMarket_Project\\server\\node_modules\\express\\lib\\router\\index.js:275:10)\n    at Function.handle (C:\\Users\\Helal\\Desktop\\SuperMarket_Project\\server\\node_modules\\express\\lib\\router\\index.js:174:3)\n    at router (C:\\Users\\Helal\\Desktop\\SuperMarket_Project\\server\\node_modules\\express\\lib\\router\\index.js:47:12)\n    at Layer.handle [as handle_request] (C:\\Users\\Helal\\Desktop\\SuperMarket_Project\\server\\node_modules\\express\\lib\\router\\layer.js:95:5)\n    at trim_prefix (C:\\Users\\Helal\\Desktop\\SuperMarket_Project\\server\\node_modules\\express\\lib\\router\\index.js:317:13)\n    at C:\\Users\\Helal\\Desktop\\SuperMarket_Project\\server\\node_modules\\express\\lib\\router\\index.js:284:7\n    at Function.process_params (C:\\Users\\Helal\\Desktop\\SuperMarket_Project\\server\\node_modules\\express\\lib\\router\\index.js:335:12)\n    at next (C:\\Users\\Helal\\Desktop\\SuperMarket_Project\\server\\node_modules\\express\\lib\\router\\index.js:275:10)\n    at C:\\Users\\Helal\\Desktop\\SuperMarket_Project\\server\\node_modules\\body-parser\\lib\\read.js:130:5\n    at invokeCallback (C:\\Users\\Helal\\Desktop\\SuperMarket_Project\\server\\node_modules\\raw-body\\index.js:224:16)\n    at done (C:\\Users\\Helal\\Desktop\\SuperMarket_Project\\server\\node_modules\\raw-body\\index.js:213:7)","timestamp":"2021-05-17T17:45:40.274Z"}
{"level":"error","message":"er: Cannot read property 'replace' of undefined","stack":"TypeError: Cannot read property 'replace' of undefined\n    at C:\\Users\\Helal\\Desktop\\SuperMarket_Project\\server\\routes\\product.js:16:35\n    at Layer.handle [as handle_request] (C:\\Users\\Helal\\Desktop\\SuperMarket_Project\\server\\node_modules\\express\\lib\\router\\layer.js:95:5)\n    at trim_prefix (C:\\Users\\Helal\\Desktop\\SuperMarket_Project\\server\\node_modules\\express\\lib\\router\\index.js:317:13)\n    at C:\\Users\\Helal\\Desktop\\SuperMarket_Project\\server\\node_modules\\express\\lib\\router\\index.js:284:7\n    at Function.process_params (C:\\Users\\Helal\\Desktop\\SuperMarket_Project\\server\\node_modules\\express\\lib\\router\\index.js:335:12)\n    at next (C:\\Users\\Helal\\Desktop\\SuperMarket_Project\\server\\node_modules\\express\\lib\\router\\index.js:275:10)\n    at Function.handle (C:\\Users\\Helal\\Desktop\\SuperMarket_Project\\server\\node_modules\\express\\lib\\router\\index.js:174:3)\n    at router (C:\\Users\\Helal\\Desktop\\SuperMarket_Project\\server\\node_modules\\express\\lib\\router\\index.js:47:12)\n    at Layer.handle [as handle_request] (C:\\Users\\Helal\\Desktop\\SuperMarket_Project\\server\\node_modules\\express\\lib\\router\\layer.js:95:5)\n    at trim_prefix (C:\\Users\\Helal\\Desktop\\SuperMarket_Project\\server\\node_modules\\express\\lib\\router\\index.js:317:13)\n    at C:\\Users\\Helal\\Desktop\\SuperMarket_Project\\server\\node_modules\\express\\lib\\router\\index.js:284:7\n    at Function.process_params (C:\\Users\\Helal\\Desktop\\SuperMarket_Project\\server\\node_modules\\express\\lib\\router\\index.js:335:12)\n    at next (C:\\Users\\Helal\\Desktop\\SuperMarket_Project\\server\\node_modules\\express\\lib\\router\\index.js:275:10)\n    at C:\\Users\\Helal\\Desktop\\SuperMarket_Project\\server\\node_modules\\body-parser\\lib\\read.js:130:5\n    at invokeCallback (C:\\Users\\Helal\\Desktop\\SuperMarket_Project\\server\\node_modules\\raw-body\\index.js:224:16)\n    at done (C:\\Users\\Helal\\Desktop\\SuperMarket_Project\\server\\node_modules\\raw-body\\index.js:213:7)","timestamp":"2021-05-17T17:46:15.434Z"}
{"message":"helal@hotmail.com is trying to loggin","level":"info","timestamp":"2021-05-17T17:46:47.234Z"}
{"level":"error","message":"er: Cannot read property 'replace' of undefined","stack":"TypeError: Cannot read property 'replace' of undefined\n    at C:\\Users\\Helal\\Desktop\\SuperMarket_Project\\server\\routes\\product.js:16:35\n    at Layer.handle [as handle_request] (C:\\Users\\Helal\\Desktop\\SuperMarket_Project\\server\\node_modules\\express\\lib\\router\\layer.js:95:5)\n    at trim_prefix (C:\\Users\\Helal\\Desktop\\SuperMarket_Project\\server\\node_modules\\express\\lib\\router\\index.js:317:13)\n    at C:\\Users\\Helal\\Desktop\\SuperMarket_Project\\server\\node_modules\\express\\lib\\router\\index.js:284:7\n    at Function.process_params (C:\\Users\\Helal\\Desktop\\SuperMarket_Project\\server\\node_modules\\express\\lib\\router\\index.js:335:12)\n    at next (C:\\Users\\Helal\\Desktop\\SuperMarket_Project\\server\\node_modules\\express\\lib\\router\\index.js:275:10)\n    at Function.handle (C:\\Users\\Helal\\Desktop\\SuperMarket_Project\\server\\node_modules\\express\\lib\\router\\index.js:174:3)\n    at router (C:\\Users\\Helal\\Desktop\\SuperMarket_Project\\server\\node_modules\\express\\lib\\router\\index.js:47:12)\n    at Layer.handle [as handle_request] (C:\\Users\\Helal\\Desktop\\SuperMarket_Project\\server\\node_modules\\express\\lib\\router\\layer.js:95:5)\n    at trim_prefix (C:\\Users\\Helal\\Desktop\\SuperMarket_Project\\server\\node_modules\\express\\lib\\router\\index.js:317:13)\n    at C:\\Users\\Helal\\Desktop\\SuperMarket_Project\\server\\node_modules\\express\\lib\\router\\index.js:284:7\n    at Function.process_params (C:\\Users\\Helal\\Desktop\\SuperMarket_Project\\server\\node_modules\\express\\lib\\router\\index.js:335:12)\n    at next (C:\\Users\\Helal\\Desktop\\SuperMarket_Project\\server\\node_modules\\express\\lib\\router\\index.js:275:10)\n    at C:\\Users\\Helal\\Desktop\\SuperMarket_Project\\server\\node_modules\\body-parser\\lib\\read.js:130:5\n    at invokeCallback (C:\\Users\\Helal\\Desktop\\SuperMarket_Project\\server\\node_modules\\raw-body\\index.js:224:16)\n    at done (C:\\Users\\Helal\\Desktop\\SuperMarket_Project\\server\\node_modules\\raw-body\\index.js:213:7)","timestamp":"2021-05-17T17:46:52.575Z"}
{"level":"error","message":"er: Cannot read property 'replace' of undefined","stack":"TypeError: Cannot read property 'replace' of undefined\n    at C:\\Users\\Helal\\Desktop\\SuperMarket_Project\\server\\routes\\product.js:16:35\n    at Layer.handle [as handle_request] (C:\\Users\\Helal\\Desktop\\SuperMarket_Project\\server\\node_modules\\express\\lib\\router\\layer.js:95:5)\n    at trim_prefix (C:\\Users\\Helal\\Desktop\\SuperMarket_Project\\server\\node_modules\\express\\lib\\router\\index.js:317:13)\n    at C:\\Users\\Helal\\Desktop\\SuperMarket_Project\\server\\node_modules\\express\\lib\\router\\index.js:284:7\n    at Function.process_params (C:\\Users\\Helal\\Desktop\\SuperMarket_Project\\server\\node_modules\\express\\lib\\router\\index.js:335:12)\n    at next (C:\\Users\\Helal\\Desktop\\SuperMarket_Project\\server\\node_modules\\express\\lib\\router\\index.js:275:10)\n    at Function.handle (C:\\Users\\Helal\\Desktop\\SuperMarket_Project\\server\\node_modules\\express\\lib\\router\\index.js:174:3)\n    at router (C:\\Users\\Helal\\Desktop\\SuperMarket_Project\\server\\node_modules\\express\\lib\\router\\index.js:47:12)\n    at Layer.handle [as handle_request] (C:\\Users\\Helal\\Desktop\\SuperMarket_Project\\server\\node_modules\\express\\lib\\router\\layer.js:95:5)\n    at trim_prefix (C:\\Users\\Helal\\Desktop\\SuperMarket_Project\\server\\node_modules\\express\\lib\\router\\index.js:317:13)\n    at C:\\Users\\Helal\\Desktop\\SuperMarket_Project\\server\\node_modules\\express\\lib\\router\\index.js:284:7\n    at Function.process_params (C:\\Users\\Helal\\Desktop\\SuperMarket_Project\\server\\node_modules\\express\\lib\\router\\index.js:335:12)\n    at next (C:\\Users\\Helal\\Desktop\\SuperMarket_Project\\server\\node_modules\\express\\lib\\router\\index.js:275:10)\n    at C:\\Users\\Helal\\Desktop\\SuperMarket_Project\\server\\node_modules\\body-parser\\lib\\read.js:130:5\n    at invokeCallback (C:\\Users\\Helal\\Desktop\\SuperMarket_Project\\server\\node_modules\\raw-body\\index.js:224:16)\n    at done (C:\\Users\\Helal\\Desktop\\SuperMarket_Project\\server\\node_modules\\raw-body\\index.js:213:7)","timestamp":"2021-05-17T17:46:54.534Z"}
{"message":"jalal@hotmail.com is trying to loggin","level":"info","timestamp":"2021-05-17T17:48:09.061Z"}
{"message":"helal@hotmail.com is trying to loggin","level":"info","timestamp":"2021-05-17T18:20:41.736Z"}
{"message":" is trying to loggin","level":"info","timestamp":"2021-05-17T18:23:11.495Z"}
{"message":"login failed by user: and password:","level":"error","timestamp":"2021-05-17T18:23:11.500Z"}
{"message":" is trying to loggin","level":"info","timestamp":"2021-05-17T18:38:03.388Z"}
{"message":"login failed by user: and password:","level":"error","timestamp":"2021-05-17T18:38:03.392Z"}
{"message":" is trying to loggin","level":"info","timestamp":"2021-05-17T18:38:32.372Z"}
{"message":"login failed by user: and password:","level":"error","timestamp":"2021-05-17T18:38:32.375Z"}
{"message":"helal@hotmail.com is trying to loggin","level":"info","timestamp":"2021-05-17T18:38:42.935Z"}
{"message":" is trying to loggin","level":"info","timestamp":"2021-05-17T18:40:48.973Z"}
{"message":"login failed by user: and password:","level":"error","timestamp":"2021-05-17T18:40:48.976Z"}
{"message":"helal@hotmail.com is trying to loggin","level":"info","timestamp":"2021-05-17T18:40:55.869Z"}
{"message":"helal@hotmail.com is trying to loggin","level":"info","timestamp":"2021-05-17T18:41:54.201Z"}
{"message":"helal@hotmail.com is trying to loggin","level":"info","timestamp":"2021-05-17T18:44:51.104Z"}
{"message":"helal@hotmail.com is trying to loggin","level":"info","timestamp":"2021-05-17T18:45:09.855Z"}
{"message":"helal@hotmail.com is trying to loggin","level":"info","timestamp":"2021-05-17T19:23:52.303Z"}
{"message":"helal@hotmail.com is trying to loggin","level":"info","timestamp":"2021-05-17T19:36:05.781Z"}
{"message":"helal@hotmail.com is trying to loggin","level":"info","timestamp":"2021-05-17T19:36:50.683Z"}
{"message":"helal@hotmail.com is trying to loggin","level":"info","timestamp":"2021-05-17T19:37:26.808Z"}
{"message":"helal@hotmail.com is trying to loggin","level":"info","timestamp":"2021-05-17T19:37:28.111Z"}
{"message":"helal@hotmail.com is trying to loggin","level":"info","timestamp":"2021-05-17T19:37:54.185Z"}
{"message":"helal@hotmail.com is trying to loggin","level":"info","timestamp":"2021-05-17T19:38:13.831Z"}
{"message":"helal@hotmail.com is trying to loggin","level":"info","timestamp":"2021-05-17T19:38:50.467Z"}
{"message":"gal@hotmail.com is trying to loggin","level":"info","timestamp":"2021-05-17T19:39:27.109Z"}
{"message":"gal@hotmail.com is trying to loggin","level":"info","timestamp":"2021-05-17T19:42:12.131Z"}
{"message":"jalal@hotmail.com is trying to loggin","level":"info","timestamp":"2021-05-17T19:42:19.412Z"}
{"message":"helal@homtail.com is trying to loggin","level":"info","timestamp":"2021-05-17T19:42:41.198Z"}
{"message":"login failed by user:helal@homtail.com and password:123","level":"error","timestamp":"2021-05-17T19:42:41.201Z"}
{"message":"helal@hotmail.com is trying to loggin","level":"info","timestamp":"2021-05-17T19:43:43.002Z"}
{"message":"gal@hotmail.com is trying to loggin","level":"info","timestamp":"2021-05-17T19:43:49.296Z"}
{"message":"helal@homtail.com is trying to loggin","level":"info","timestamp":"2021-05-17T19:45:22.424Z"}
{"message":"login failed by user:helal@homtail.com and password:123","level":"error","timestamp":"2021-05-17T19:45:22.427Z"}
{"message":"helal@hotmail.com is trying to loggin","level":"info","timestamp":"2021-05-17T19:46:13.208Z"}
{"message":"helal@homtail.com is trying to loggin","level":"info","timestamp":"2021-05-17T19:48:22.130Z"}
{"message":"login failed by user:helal@homtail.com and password:123","level":"error","timestamp":"2021-05-17T19:48:22.133Z"}
{"message":"helal@hotmail.com is trying to loggin","level":"info","timestamp":"2021-05-17T19:50:00.281Z"}
{"message":"helal@hotmail.com is trying to loggin","level":"info","timestamp":"2021-05-17T19:50:28.439Z"}
{"message":"gal@hotmail.com is trying to loggin","level":"info","timestamp":"2021-05-17T19:50:58.275Z"}
{"message":"helal@hotmail.com is trying to loggin","level":"info","timestamp":"2021-05-17T19:51:09.282Z"}
{"message":"gal@hotmail.com is trying to loggin","level":"info","timestamp":"2021-05-17T19:51:35.958Z"}
{"message":"gal@hotmail.com is trying to loggin","level":"info","timestamp":"2021-05-17T19:58:50.305Z"}
{"message":"gal@hotmail.com is trying to loggin","level":"info","timestamp":"2021-05-17T20:02:25.665Z"}
{"message":"gal@homtail.com is trying to loggin","level":"info","timestamp":"2021-05-17T20:03:40.924Z"}
{"message":"login failed by user:gal@homtail.com and password:123","level":"error","timestamp":"2021-05-17T20:03:40.945Z"}
{"message":"gal@homtail.com is trying to loggin","level":"info","timestamp":"2021-05-17T20:04:36.985Z"}
{"message":"login failed by user:gal@homtail.com and password:123","level":"error","timestamp":"2021-05-17T20:04:37.001Z"}
{"message":"gal@hotmail.com is trying to loggin","level":"info","timestamp":"2021-05-17T20:05:43.101Z"}
{"message":"gal@hotmail.com is trying to loggin","level":"info","timestamp":"2021-05-17T20:09:16.430Z"}
{"message":"gal@hotmail.com is trying to loggin","level":"info","timestamp":"2021-05-17T20:09:56.277Z"}
{"message":"helal@hotmail.com is trying to loggin","level":"info","timestamp":"2021-05-17T20:35:53.331Z"}
{"message":"helal@hotmail.com is trying to loggin","level":"info","timestamp":"2021-05-17T20:36:14.995Z"}
{"message":"helal@hotmail.com is trying to loggin","level":"info","timestamp":"2021-05-17T20:37:43.008Z"}
{"message":"helal@hotmail.com is trying to loggin","level":"info","timestamp":"2021-05-17T20:37:57.167Z"}
{"message":"helal@hotmail.com is trying to loggin","level":"info","timestamp":"2021-05-17T20:39:10.791Z"}
{"message":"helal@hotmail.com is trying to loggin","level":"info","timestamp":"2021-05-17T20:40:15.830Z"}
{"message":"helal@hotmail.com is trying to loggin","level":"info","timestamp":"2021-05-17T20:40:39.366Z"}
{"message":"helal@hotmail.com is trying to loggin","level":"info","timestamp":"2021-05-17T20:41:35.696Z"}
{"message":"helal@hotmail.com is trying to loggin","level":"info","timestamp":"2021-05-17T20:42:22.809Z"}
{"message":"helal@hotmail.com is trying to loggin","level":"info","timestamp":"2021-05-17T20:42:54.734Z"}
{"message":"gal@hotmail.com is trying to loggin","level":"info","timestamp":"2021-05-17T20:43:53.271Z"}
{"message":"gal@hotmail.com is trying to loggin","level":"info","timestamp":"2021-05-17T20:44:36.586Z"}
{"message":"gal@hotmail.com is trying to loggin","level":"info","timestamp":"2021-05-17T20:46:20.858Z"}
{"message":"helalali1@hotmail.com is trying to loggin","level":"info","timestamp":"2021-05-17T20:49:50.621Z"}
{"message":"login failed by user:helalali1@hotmail.com and password:123","level":"error","timestamp":"2021-05-17T20:49:50.626Z"}
{"message":"helalali1@hotmail.com is trying to loggin","level":"info","timestamp":"2021-05-17T20:50:36.734Z"}
{"message":"login failed by user:helalali1@hotmail.com and password:123","level":"error","timestamp":"2021-05-17T20:50:36.738Z"}
{"message":"gal@hotmail.com is trying to loggin","level":"info","timestamp":"2021-05-17T20:51:50.690Z"}
{"message":"helal@hotmail.com is trying to loggin","level":"info","timestamp":"2021-05-17T20:52:06.040Z"}
{"message":"helal@hotmail.com is trying to loggin","level":"info","timestamp":"2021-05-17T20:52:55.281Z"}
{"message":"gal@hotmail.com is trying to loggin","level":"info","timestamp":"2021-05-17T20:53:06.637Z"}
{"message":"jalal@hotmail.com is trying to loggin","level":"info","timestamp":"2021-05-17T20:53:19.318Z"}
{"message":"rafa@hotmail.com is trying to loggin","level":"info","timestamp":"2021-05-17T21:04:06.596Z"}
{"message":"jalal@hotmail.com is trying to loggin","level":"info","timestamp":"2021-05-17T21:04:24.817Z"}
{"message":"gal@hotmail.com is trying to loggin","level":"info","timestamp":"2021-05-17T21:04:35.760Z"}
{"message":"gal@hotmail.com is trying to loggin","level":"info","timestamp":"2021-05-17T21:12:12.474Z"}
{"message":"gal@hotmail.com is trying to loggin","level":"info","timestamp":"2021-05-17T21:12:40.914Z"}
{"message":"gal@hotmail.com is trying to loggin","level":"info","timestamp":"2021-05-17T21:23:24.868Z"}
{"message":"gal@hotmail.com is trying to loggin","level":"info","timestamp":"2021-05-17T21:24:05.991Z"}
{"message":"helal@hotmail.com is trying to loggin","level":"info","timestamp":"2021-05-17T21:24:42.289Z"}
{"message":"helal@hotmail.com is trying to loggin","level":"info","timestamp":"2021-05-17T21:25:10.637Z"}
{"message":"helal@hotmail.com is trying to loggin","level":"info","timestamp":"2021-05-17T21:25:24.188Z"}
{"message":"helal@hotmail.com is trying to loggin","level":"info","timestamp":"2021-05-17T21:26:04.836Z"}
{"message":"gal@hotmail.com is trying to loggin","level":"info","timestamp":"2021-05-17T21:26:15.752Z"}
{"message":"helal@hotmail.com is trying to loggin","level":"info","timestamp":"2021-05-17T21:30:08.375Z"}
{"message":"helal@hotmail.com is trying to loggin","level":"info","timestamp":"2021-05-17T21:30:41.433Z"}
{"message":"helal@hotmail.com is trying to loggin","level":"info","timestamp":"2021-05-17T21:30:53.726Z"}
{"message":"helal@hotmail.com is trying to loggin","level":"info","timestamp":"2021-05-17T21:32:56.892Z"}
{"message":"helal@hotmail.com is trying to loggin","level":"info","timestamp":"2021-05-17T21:33:08.168Z"}
{"message":"helal@hotmail.com is trying to loggin","level":"info","timestamp":"2021-05-17T21:34:32.064Z"}
{"message":"gal@hotmail.com is trying to loggin","level":"info","timestamp":"2021-05-17T21:34:41.243Z"}
{"message":"gal@hotmail.com is trying to loggin","level":"info","timestamp":"2021-05-17T21:35:02.612Z"}
{"message":"gal@hotmail.com is trying to loggin","level":"info","timestamp":"2021-05-17T21:35:31.921Z"}
{"message":"gal@hotmail.com is trying to loggin","level":"info","timestamp":"2021-05-17T21:36:21.759Z"}
{"message":"gal@hotmail.com is trying to loggin","level":"info","timestamp":"2021-05-17T21:37:17.874Z"}
{"message":"gal@hotmail.com is trying to loggin","level":"info","timestamp":"2021-05-17T21:37:39.079Z"}
{"message":"gal@hotmail.com is trying to loggin","level":"info","timestamp":"2021-05-17T21:38:13.289Z"}
{"message":"gal@hotmail.com is trying to loggin","level":"info","timestamp":"2021-05-17T21:38:29.075Z"}
{"message":"gal@hotmail.com is trying to loggin","level":"info","timestamp":"2021-05-17T21:38:47.965Z"}
{"message":"helal@hotmail.com is trying to loggin","level":"info","timestamp":"2021-05-17T21:39:17.622Z"}
{"message":"gal@hotmail.com is trying to loggin","level":"info","timestamp":"2021-05-17T21:40:26.136Z"}
{"message":"gal@hotmail.com is trying to loggin","level":"info","timestamp":"2021-05-17T21:59:27.720Z"}
{"message":"gal@hotmail.com is trying to loggin","level":"info","timestamp":"2021-05-17T21:59:47.551Z"}
{"message":"gal@hotmail.com is trying to loggin","level":"info","timestamp":"2021-05-17T22:01:39.477Z"}
{"message":"gal@hotmail.com is trying to loggin","level":"info","timestamp":"2021-05-17T22:02:13.620Z"}
{"message":"gal@hotmail.com is trying to loggin","level":"info","timestamp":"2021-05-17T22:02:33.272Z"}
{"message":"gal@hotmail.com is trying to loggin","level":"info","timestamp":"2021-05-17T22:04:30.391Z"}
{"message":"gal@hotmail.com is trying to loggin","level":"info","timestamp":"2021-05-17T22:05:46.282Z"}
{"message":"gal@hotmail.com is trying to loggin","level":"info","timestamp":"2021-05-17T22:07:28.692Z"}
{"message":"gal@hotmail.com is trying to loggin","level":"info","timestamp":"2021-05-17T22:09:13.807Z"}
{"message":"gal@hotmail.com is trying to loggin","level":"info","timestamp":"2021-05-17T22:59:08.831Z"}
{"level":"error","message":"er: Cannot read property 'replace' of undefined","stack":"TypeError: Cannot read property 'replace' of undefined\n    at C:\\Users\\Helal\\Desktop\\SuperMarket_Project\\server\\routes\\cart.js:14:35\n    at Layer.handle [as handle_request] (C:\\Users\\Helal\\Desktop\\SuperMarket_Project\\server\\node_modules\\express\\lib\\router\\layer.js:95:5)\n    at trim_prefix (C:\\Users\\Helal\\Desktop\\SuperMarket_Project\\server\\node_modules\\express\\lib\\router\\index.js:317:13)\n    at C:\\Users\\Helal\\Desktop\\SuperMarket_Project\\server\\node_modules\\express\\lib\\router\\index.js:284:7\n    at Function.process_params (C:\\Users\\Helal\\Desktop\\SuperMarket_Project\\server\\node_modules\\express\\lib\\router\\index.js:335:12)\n    at next (C:\\Users\\Helal\\Desktop\\SuperMarket_Project\\server\\node_modules\\express\\lib\\router\\index.js:275:10)\n    at Function.handle (C:\\Users\\Helal\\Desktop\\SuperMarket_Project\\server\\node_modules\\express\\lib\\router\\index.js:174:3)\n    at router (C:\\Users\\Helal\\Desktop\\SuperMarket_Project\\server\\node_modules\\express\\lib\\router\\index.js:47:12)\n    at Layer.handle [as handle_request] (C:\\Users\\Helal\\Desktop\\SuperMarket_Project\\server\\node_modules\\express\\lib\\router\\layer.js:95:5)\n    at trim_prefix (C:\\Users\\Helal\\Desktop\\SuperMarket_Project\\server\\node_modules\\express\\lib\\router\\index.js:317:13)\n    at C:\\Users\\Helal\\Desktop\\SuperMarket_Project\\server\\node_modules\\express\\lib\\router\\index.js:284:7\n    at Function.process_params (C:\\Users\\Helal\\Desktop\\SuperMarket_Project\\server\\node_modules\\express\\lib\\router\\index.js:335:12)\n    at next (C:\\Users\\Helal\\Desktop\\SuperMarket_Project\\server\\node_modules\\express\\lib\\router\\index.js:275:10)\n    at jsonParser (C:\\Users\\Helal\\Desktop\\SuperMarket_Project\\server\\node_modules\\body-parser\\lib\\types\\json.js:110:7)\n    at Layer.handle [as handle_request] (C:\\Users\\Helal\\Desktop\\SuperMarket_Project\\server\\node_modules\\express\\lib\\router\\layer.js:95:5)\n    at trim_prefix (C:\\Users\\Helal\\Desktop\\SuperMarket_Project\\server\\node_modules\\express\\lib\\router\\index.js:317:13)","timestamp":"2021-05-17T23:11:27.442Z"}
{"level":"error","message":"er: Cannot read property 'replace' of undefined","stack":"TypeError: Cannot read property 'replace' of undefined\n    at C:\\Users\\Helal\\Desktop\\SuperMarket_Project\\server\\routes\\cart.js:14:35\n    at Layer.handle [as handle_request] (C:\\Users\\Helal\\Desktop\\SuperMarket_Project\\server\\node_modules\\express\\lib\\router\\layer.js:95:5)\n    at trim_prefix (C:\\Users\\Helal\\Desktop\\SuperMarket_Project\\server\\node_modules\\express\\lib\\router\\index.js:317:13)\n    at C:\\Users\\Helal\\Desktop\\SuperMarket_Project\\server\\node_modules\\express\\lib\\router\\index.js:284:7\n    at Function.process_params (C:\\Users\\Helal\\Desktop\\SuperMarket_Project\\server\\node_modules\\express\\lib\\router\\index.js:335:12)\n    at next (C:\\Users\\Helal\\Desktop\\SuperMarket_Project\\server\\node_modules\\express\\lib\\router\\index.js:275:10)\n    at Function.handle (C:\\Users\\Helal\\Desktop\\SuperMarket_Project\\server\\node_modules\\express\\lib\\router\\index.js:174:3)\n    at router (C:\\Users\\Helal\\Desktop\\SuperMarket_Project\\server\\node_modules\\express\\lib\\router\\index.js:47:12)\n    at Layer.handle [as handle_request] (C:\\Users\\Helal\\Desktop\\SuperMarket_Project\\server\\node_modules\\express\\lib\\router\\layer.js:95:5)\n    at trim_prefix (C:\\Users\\Helal\\Desktop\\SuperMarket_Project\\server\\node_modules\\express\\lib\\router\\index.js:317:13)\n    at C:\\Users\\Helal\\Desktop\\SuperMarket_Project\\server\\node_modules\\express\\lib\\router\\index.js:284:7\n    at Function.process_params (C:\\Users\\Helal\\Desktop\\SuperMarket_Project\\server\\node_modules\\express\\lib\\router\\index.js:335:12)\n    at next (C:\\Users\\Helal\\Desktop\\SuperMarket_Project\\server\\node_modules\\express\\lib\\router\\index.js:275:10)\n    at jsonParser (C:\\Users\\Helal\\Desktop\\SuperMarket_Project\\server\\node_modules\\body-parser\\lib\\types\\json.js:110:7)\n    at Layer.handle [as handle_request] (C:\\Users\\Helal\\Desktop\\SuperMarket_Project\\server\\node_modules\\express\\lib\\router\\layer.js:95:5)\n    at trim_prefix (C:\\Users\\Helal\\Desktop\\SuperMarket_Project\\server\\node_modules\\express\\lib\\router\\index.js:317:13)","timestamp":"2021-05-17T23:15:38.872Z"}
{"level":"error","message":"er: Cannot read property 'replace' of undefined","stack":"TypeError: Cannot read property 'replace' of undefined\n    at C:\\Users\\Helal\\Desktop\\SuperMarket_Project\\server\\routes\\cart.js:15:35\n    at Layer.handle [as handle_request] (C:\\Users\\Helal\\Desktop\\SuperMarket_Project\\server\\node_modules\\express\\lib\\router\\layer.js:95:5)\n    at trim_prefix (C:\\Users\\Helal\\Desktop\\SuperMarket_Project\\server\\node_modules\\express\\lib\\router\\index.js:317:13)\n    at C:\\Users\\Helal\\Desktop\\SuperMarket_Project\\server\\node_modules\\express\\lib\\router\\index.js:284:7\n    at Function.process_params (C:\\Users\\Helal\\Desktop\\SuperMarket_Project\\server\\node_modules\\express\\lib\\router\\index.js:335:12)\n    at next (C:\\Users\\Helal\\Desktop\\SuperMarket_Project\\server\\node_modules\\express\\lib\\router\\index.js:275:10)\n    at Function.handle (C:\\Users\\Helal\\Desktop\\SuperMarket_Project\\server\\node_modules\\express\\lib\\router\\index.js:174:3)\n    at router (C:\\Users\\Helal\\Desktop\\SuperMarket_Project\\server\\node_modules\\express\\lib\\router\\index.js:47:12)\n    at Layer.handle [as handle_request] (C:\\Users\\Helal\\Desktop\\SuperMarket_Project\\server\\node_modules\\express\\lib\\router\\layer.js:95:5)\n    at trim_prefix (C:\\Users\\Helal\\Desktop\\SuperMarket_Project\\server\\node_modules\\express\\lib\\router\\index.js:317:13)\n    at C:\\Users\\Helal\\Desktop\\SuperMarket_Project\\server\\node_modules\\express\\lib\\router\\index.js:284:7\n    at Function.process_params (C:\\Users\\Helal\\Desktop\\SuperMarket_Project\\server\\node_modules\\express\\lib\\router\\index.js:335:12)\n    at next (C:\\Users\\Helal\\Desktop\\SuperMarket_Project\\server\\node_modules\\express\\lib\\router\\index.js:275:10)\n    at C:\\Users\\Helal\\Desktop\\SuperMarket_Project\\server\\node_modules\\body-parser\\lib\\read.js:130:5\n    at invokeCallback (C:\\Users\\Helal\\Desktop\\SuperMarket_Project\\server\\node_modules\\raw-body\\index.js:224:16)\n    at done (C:\\Users\\Helal\\Desktop\\SuperMarket_Project\\server\\node_modules\\raw-body\\index.js:213:7)","timestamp":"2021-05-17T23:44:55.957Z"}
